Arguments: 
  /usr/local/bin/node /usr/local/bin/yarn add @post-plugins/console

PATH: 
  /Users/lac/go/bin:/usr/local/bin:/usr/bin:/bin:/usr/sbin:/sbin:/Users/lac/go/bin

Yarn version: 
  1.22.5

Node version: 
  12.18.3

Platform: 
  darwin x64

Trace: 
  Error: https://registry.npm.taobao.org/@post-plugins%2fconsole: Not found
      at Request.params.callback [as _callback] (/usr/local/lib/node_modules/yarn/lib/cli.js:66988:18)
      at Request.self.callback (/usr/local/lib/node_modules/yarn/lib/cli.js:140662:22)
      at Request.emit (events.js:315:20)
      at Request.<anonymous> (/usr/local/lib/node_modules/yarn/lib/cli.js:141634:10)
      at Request.emit (events.js:315:20)
      at IncomingMessage.<anonymous> (/usr/local/lib/node_modules/yarn/lib/cli.js:141556:12)
      at Object.onceWrapper (events.js:421:28)
      at IncomingMessage.emit (events.js:327:22)
      at endReadableNT (_stream_readable.js:1220:12)
      at processTicksAndRejections (internal/process/task_queues.js:84:21)

npm manifest: 
  {
    "name": "vite-react",
    "version": "0.0.0",
    "scripts": {
      "dev": "vite",
      "build": "tsc && vite build",
      "serve": "vite preview"
    },
    "dependencies": {
      "react": "^17.0.0",
      "react-dom": "^17.0.0"
    },
    "devDependencies": {
      "@types/react": "^17.0.0",
      "@types/react-dom": "^17.0.0",
      "@vitejs/plugin-react-refresh": "^1.3.1",
      "typescript": "^4.3.2",
      "vite": "^2.5.4"
    }
  }

yarn manifest: 
  No manifest

Lockfile: 
  No lockfile
